[19/Apr/2022:01:49:27] (I): WordPress Instance Info:
[19/Apr/2022:01:49:27] (I): Home URL : http://startitup.tn
[19/Apr/2022:01:49:27] (I): Site URL : http://startitup.tn
[19/Apr/2022:01:49:27] (I): WordPress Version : 5.9.2
[19/Apr/2022:01:49:27] (I): Onboarding Version : 1.1.20
[19/Apr/2022:01:49:27] (I): Multisite : No
[19/Apr/2022:01:49:27] (I): Server Info : Apache
[19/Apr/2022:01:49:27] (I): PHP Version : 7.3.32
[19/Apr/2022:01:49:27] (I): HTTPS : No
[19/Apr/2022:01:49:27] (I): PHP Max Execution Time : 165
[19/Apr/2022:01:49:27] (I): PHP Max Input Vars : 16000
[19/Apr/2022:01:49:27] (I): Max Upload Size : 134217728
[19/Apr/2022:01:49:27] (I): Plugins:
[19/Apr/2022:01:49:27] (I): [PLUGIN] Code Snippets : v2.14.3 (Code Snippets Pro)
[19/Apr/2022:01:49:27] (I): [PLUGIN] Duplicate Page : v4.4.8 (mndpsingh287)
[19/Apr/2022:01:49:27] (I): [PLUGIN] Elementor Pro : v3.5.2 (Elementor.com)
[19/Apr/2022:01:49:27] (I): [PLUGIN] Elementor : v3.5.3 (Elementor.com)
[19/Apr/2022:01:49:27] (I): [PLUGIN] GutenCon : v5.2 (Wpsoul)
[19/Apr/2022:01:49:27] (I): [PLUGIN] Menu Image : v3.0.5 (Rui Guerreiro)
[19/Apr/2022:01:49:27] (I): [PLUGIN] Premium Addons for Elementor : v4.9.2 (Leap13)
[19/Apr/2022:01:49:27] (I): [PLUGIN] Templates Patterns Collection : v1.1.20 (ThemeIsle)
[19/Apr/2022:01:49:27] (I): [PLUGIN] WP Logo Showcase Responsive Slider and Carousel : v3.0.5 (WP OnlineSupport, Essential Plugin)
[19/Apr/2022:01:49:27] (I): [PLUGIN] WP Mail SMTP : v3.2.1 (WPForms)
[19/Apr/2022:01:49:27] (I): [PLUGIN] WPForms Geolocation : v2.0.0 (WPForms)
[19/Apr/2022:01:49:27] (I): [PLUGIN] WPForms : v1.7.2 (WPForms)
